Using pre-set license
Built from '2020.3/staging' branch; Version is '2020.3.0f1 (c7b5465681fb) revision 13088070'; Using compiler version '192528614'; Build Type 'Release'
OS: 'Windows 10 Home; OS build 19042.867; Version 2009; 64bit' Language: 'en' Physical Memory: 32699 MB
BatchMode: 1, IsHumanControllingUs: 0, StartBugReporterOnCrash: 0, Is64bit: 1, IsPro: 0

 COMMAND LINE ARGUMENTS:
C:\Program Files\Unity\2020.3.0f1\Editor\Unity.exe
-adb2
-batchMode
-noUpm
-name
AssetImportWorker0
-projectPath
D:/Unity/Games/HorrorMaze/Horror_Maze
-logFile
Logs/AssetImportWorker0.log
-srvPort
51422
Successfully changed project path to: D:/Unity/Games/HorrorMaze/Horror_Maze
D:/Unity/Games/HorrorMaze/Horror_Maze
Using Asset Import Pipeline V2.
Refreshing native plugins compatible for Editor in 23.02 ms, found 0 plugins.
Preloading 0 native plugins for Editor in 0.00 ms.
Initialize engine version: 2020.3.0f1 (c7b5465681fb)
[Subsystems] Discovering subsystems at path C:/Program Files/Unity/2020.3.0f1/Editor/Data/Resources/UnitySubsystems
[Subsystems] Discovering subsystems at path D:/Unity/Games/HorrorMaze/Horror_Maze/Assets
GfxDevice: creating device client; threaded=0
Direct3D:
    Version:  Direct3D 11.0 [level 11.1]
    Renderer: NVIDIA GeForce RTX 2080 Ti (ID=0x1e04)
    Vendor:   
    VRAM:     11048 MB
    Driver:   27.21.14.6192
Initialize mono
Mono path[0] = 'C:/Program Files/Unity/2020.3.0f1/Editor/Data/Managed'
Mono path[1] = 'C:/Program Files/Unity/2020.3.0f1/Editor/Data/MonoBleedingEdge/lib/mono/unityjit'
Mono config path = 'C:/Program Files/Unity/2020.3.0f1/Editor/Data/MonoBleedingEdge/etc'
Using monoOptions --debugger-agent=transport=dt_socket,embedding=1,server=y,suspend=n,address=127.0.0.1:56700
Begin MonoManager ReloadAssembly
Registering precompiled unity dll's ...
Register platform support module: C:/Program Files/Unity/2020.3.0f1/Editor/Data/PlaybackEngines/WebGLSupport/UnityEditor.WebGL.Extensions.dll
Register platform support module: C:/Program Files/Unity/2020.3.0f1/Editor/Data/PlaybackEngines/MacStandaloneSupport/UnityEditor.OSXStandalone.Extensions.dll
Register platform support module: C:/Program Files/Unity/2020.3.0f1/Editor/Data/PlaybackEngines/WindowsStandaloneSupport/UnityEditor.WindowsStandalone.Extensions.dll
Register platform support module: C:/Program Files/Unity/2020.3.0f1/Editor/Data/PlaybackEngines/LinuxStandaloneSupport/UnityEditor.LinuxStandalone.Extensions.dll
Registered in 0.003723 seconds.
Native extension for LinuxStandalone target not found
Native extension for WindowsStandalone target not found
Native extension for OSXStandalone target not found
Native extension for WebGL target not found
Refreshing native plugins compatible for Editor in 27.93 ms, found 0 plugins.
Preloading 0 native plugins for Editor in 0.00 ms.
Invoked RoslynAnalysisRunner static constructor.
RoslynAnalysisRunner will not be running.
RoslynAnalysisRunner has terminated.
Mono: successfully reloaded assembly
- Completed reload, in  1.057 seconds
Platform modules already initialized, skipping
Registering precompiled user dll's ...
Registered in 0.000641 seconds.
Begin MonoManager ReloadAssembly
Native extension for LinuxStandalone target not found
Native extension for WindowsStandalone target not found
Native extension for OSXStandalone target not found
Native extension for WebGL target not found
Refreshing native plugins compatible for Editor in 0.17 ms, found 0 plugins.
Preloading 0 native plugins for Editor in 0.00 ms.
Invoked RoslynAnalysisRunner static constructor.
RoslynAnalysisRunner will not be running.
RoslynAnalysisRunner has terminated.
Mono: successfully reloaded assembly
- Completed reload, in  0.653 seconds
Platform modules already initialized, skipping
========================================================================
Worker process is ready to serve import requests
Launched and connected shader compiler UnityShaderCompiler.exe after 0.05 seconds
Refreshing native plugins compatible for Editor in 0.22 ms, found 0 plugins.
Preloading 0 native plugins for Editor in 0.00 ms.
Unloading 1113 Unused Serialized files (Serialized files now loaded: 0)
System memory in use before: 56.9 MB.
System memory in use after: 56.9 MB.

Unloading 10 unused Assets to reduce memory usage. Loaded Objects now: 1555.
Total: 1.394500 ms (FindLiveObjects: 0.128600 ms CreateObjectMapping: 0.032100 ms MarkObjects: 1.168000 ms  DeleteObjects: 0.065000 ms)

========================================================================
Received Import Request.
  path: Assets/Scenes
  artifactKey: Guid(e77c70d8b039df240a4a3974a91fd9c2) Importer(815301076,1909f56bfc062723c751e8b465ee728b)
Start importing Assets/Scenes using Guid(e77c70d8b039df240a4a3974a91fd9c2) Importer(815301076,1909f56bfc062723c751e8b465ee728b)  -> (artifact id: 'd719a254c7582fa9ebec9753055e6b2b') in 0.005782 seconds
  Import took 0.012183 seconds .

========================================================================
Received Import Request.
  Time since last request: 0.000215 seconds.
  path: Assets/Scenes/SampleScene.unity
  artifactKey: Guid(9fc0d4010bbf28b4594072e72b8655ab) Importer(815301076,1909f56bfc062723c751e8b465ee728b)
Start importing Assets/Scenes/SampleScene.unity using Guid(9fc0d4010bbf28b4594072e72b8655ab) Importer(815301076,1909f56bfc062723c751e8b465ee728b)  -> (artifact id: '777e927d0b238e2cde0f6869e17df74c') in 0.009017 seconds
  Import took 0.010955 seconds .

========================================================================
Received Import Request.
  Time since last request: 95.370239 seconds.
  path: Assets/Scripts
  artifactKey: Guid(c87a4abf07e3ae84094652688c4c8032) Importer(815301076,1909f56bfc062723c751e8b465ee728b)
Start importing Assets/Scripts using Guid(c87a4abf07e3ae84094652688c4c8032) Importer(815301076,1909f56bfc062723c751e8b465ee728b)  -> (artifact id: '091a274ef5a5d0282d5be082f46df05f') in 0.004623 seconds
  Import took 0.011245 seconds .

========================================================================
Received Import Request.
  Time since last request: 0.878816 seconds.
  path: Assets
  artifactKey: Guid(00000000000000001000000000000000) Importer(815301076,1909f56bfc062723c751e8b465ee728b)
Start importing Assets using Guid(00000000000000001000000000000000) Importer(815301076,1909f56bfc062723c751e8b465ee728b)  -> (artifact id: '42baae205c97e3337697759514652acd') in 0.004791 seconds
  Import took 0.011350 seconds .

========================================================================
Received Import Request.
  Time since last request: 4.702212 seconds.
  path: Assets/Audio
  artifactKey: Guid(a17f32a3079b9174190d9232492aada1) Importer(815301076,1909f56bfc062723c751e8b465ee728b)
Start importing Assets/Audio using Guid(a17f32a3079b9174190d9232492aada1) Importer(815301076,1909f56bfc062723c751e8b465ee728b)  -> (artifact id: '3f83aa9a3bf9efe66b9776a166920c97') in 0.004297 seconds
  Import took 0.005778 seconds .

========================================================================
Received Import Request.
  Time since last request: 626.272795 seconds.
  path: Assets/Scripts/Maze.cs
  artifactKey: Guid(db6f537323c1f35459c23172fab627f1) Importer(815301076,1909f56bfc062723c751e8b465ee728b)
Start importing Assets/Scripts/Maze.cs using Guid(db6f537323c1f35459c23172fab627f1) Importer(815301076,1909f56bfc062723c751e8b465ee728b)  -> (artifact id: 'e94190755122a184691b19f7e0230559') in 0.033947 seconds
  Import took 0.040835 seconds .

========================================================================
Received Prepare
Registering precompiled user dll's ...
Registered in 0.000596 seconds.
Begin MonoManager ReloadAssembly
Native extension for LinuxStandalone target not found
Native extension for WindowsStandalone target not found
Native extension for OSXStandalone target not found
Native extension for WebGL target not found
Refreshing native plugins compatible for Editor in 0.18 ms, found 0 plugins.
Preloading 0 native plugins for Editor in 0.00 ms.
Invoked RoslynAnalysisRunner static constructor.
RoslynAnalysisRunner will not be running.
RoslynAnalysisRunner has terminated.
Mono: successfully reloaded assembly
- Completed reload, in  0.657 seconds
Platform modules already initialized, skipping
Refreshing native plugins compatible for Editor in 0.19 ms, found 0 plugins.
Preloading 0 native plugins for Editor in 0.00 ms.
Unloading 1109 Unused Serialized files (Serialized files now loaded: 0)
System memory in use before: 56.9 MB.
System memory in use after: 56.9 MB.

Unloading 5 unused Assets to reduce memory usage. Loaded Objects now: 1559.
Total: 1.419300 ms (FindLiveObjects: 0.115600 ms CreateObjectMapping: 0.033200 ms MarkObjects: 1.219600 ms  DeleteObjects: 0.050200 ms)

========================================================================
Received Import Request.
  Time since last request: 377.532519 seconds.
  path: Assets/Scripts/MazeCell.cs
  artifactKey: Guid(a4cb24589dcf4524bbc19590401f03f3) Importer(815301076,1909f56bfc062723c751e8b465ee728b)
Start importing Assets/Scripts/MazeCell.cs using Guid(a4cb24589dcf4524bbc19590401f03f3) Importer(815301076,1909f56bfc062723c751e8b465ee728b)  -> (artifact id: 'c7d399764f18562d9fd948fbabb5e0f3') in 0.008536 seconds
  Import took 0.011745 seconds .

========================================================================
Received Import Request.
  Time since last request: 17.746354 seconds.
  path: Assets/Scripts/MazeCell.cs
  artifactKey: Guid(a4cb24589dcf4524bbc19590401f03f3) Importer(815301076,1909f56bfc062723c751e8b465ee728b)
Start importing Assets/Scripts/MazeCell.cs using Guid(a4cb24589dcf4524bbc19590401f03f3) Importer(815301076,1909f56bfc062723c751e8b465ee728b)  -> (artifact id: '161e90c76816c88df563ca9c485bac57') in 0.009762 seconds
  Import took 0.012039 seconds .

========================================================================
Received Import Request.
  Time since last request: 2.118957 seconds.
  path: Assets/Scripts/Maze.cs
  artifactKey: Guid(db6f537323c1f35459c23172fab627f1) Importer(815301076,1909f56bfc062723c751e8b465ee728b)
Start importing Assets/Scripts/Maze.cs using Guid(db6f537323c1f35459c23172fab627f1) Importer(815301076,1909f56bfc062723c751e8b465ee728b)  -> (artifact id: 'dfc6ae82fda3884fb12d728cc3d44d95') in 0.003525 seconds
  Import took 0.010045 seconds .

========================================================================
Received Import Request.
  Time since last request: 0.016722 seconds.
  path: Assets/Scripts/Maze.cs
  artifactKey: Guid(db6f537323c1f35459c23172fab627f1) Importer(815301076,1909f56bfc062723c751e8b465ee728b)
Start importing Assets/Scripts/Maze.cs using Guid(db6f537323c1f35459c23172fab627f1) Importer(815301076,1909f56bfc062723c751e8b465ee728b)  -> (artifact id: 'dfc6ae82fda3884fb12d728cc3d44d95') in 0.004069 seconds
  Import took 0.006073 seconds .

========================================================================
Received Prepare
Registering precompiled user dll's ...
Registered in 0.000656 seconds.
Begin MonoManager ReloadAssembly
Native extension for LinuxStandalone target not found
Native extension for WindowsStandalone target not found
Native extension for OSXStandalone target not found
Native extension for WebGL target not found
Refreshing native plugins compatible for Editor in 0.17 ms, found 0 plugins.
Preloading 0 native plugins for Editor in 0.00 ms.
Invoked RoslynAnalysisRunner static constructor.
RoslynAnalysisRunner will not be running.
RoslynAnalysisRunner has terminated.
Mono: successfully reloaded assembly
- Completed reload, in  0.630 seconds
Platform modules already initialized, skipping
Refreshing native plugins compatible for Editor in 0.23 ms, found 0 plugins.
Preloading 0 native plugins for Editor in 0.00 ms.
Unloading 1110 Unused Serialized files (Serialized files now loaded: 0)
System memory in use before: 56.9 MB.
System memory in use after: 57.0 MB.

Unloading 5 unused Assets to reduce memory usage. Loaded Objects now: 1563.
Total: 1.413000 ms (FindLiveObjects: 0.165200 ms CreateObjectMapping: 0.031300 ms MarkObjects: 1.166600 ms  DeleteObjects: 0.048900 ms)

========================================================================
Received Prepare
Registering precompiled user dll's ...
Registered in 0.000616 seconds.
Begin MonoManager ReloadAssembly
Native extension for LinuxStandalone target not found
Native extension for WindowsStandalone target not found
Native extension for OSXStandalone target not found
Native extension for WebGL target not found
Refreshing native plugins compatible for Editor in 0.18 ms, found 0 plugins.
Preloading 0 native plugins for Editor in 0.00 ms.
Invoked RoslynAnalysisRunner static constructor.
RoslynAnalysisRunner will not be running.
RoslynAnalysisRunner has terminated.
Mono: successfully reloaded assembly
- Completed reload, in  0.622 seconds
Platform modules already initialized, skipping
Refreshing native plugins compatible for Editor in 0.17 ms, found 0 plugins.
Preloading 0 native plugins for Editor in 0.00 ms.
Unloading 1109 Unused Serialized files (Serialized files now loaded: 0)
System memory in use before: 56.9 MB.
System memory in use after: 57.0 MB.

Unloading 6 unused Assets to reduce memory usage. Loaded Objects now: 1565.
Total: 1.339000 ms (FindLiveObjects: 0.102300 ms CreateObjectMapping: 0.023700 ms MarkObjects: 1.171000 ms  DeleteObjects: 0.041000 ms)

========================================================================
Received Prepare
Registering precompiled user dll's ...
Registered in 0.000603 seconds.
Begin MonoManager ReloadAssembly
Native extension for LinuxStandalone target not found
Native extension for WindowsStandalone target not found
Native extension for OSXStandalone target not found
Native extension for WebGL target not found
Refreshing native plugins compatible for Editor in 0.18 ms, found 0 plugins.
Preloading 0 native plugins for Editor in 0.00 ms.
Invoked RoslynAnalysisRunner static constructor.
RoslynAnalysisRunner will not be running.
RoslynAnalysisRunner has terminated.
Mono: successfully reloaded assembly
- Completed reload, in  0.628 seconds
Platform modules already initialized, skipping
Refreshing native plugins compatible for Editor in 0.20 ms, found 0 plugins.
Preloading 0 native plugins for Editor in 0.00 ms.
Unloading 1108 Unused Serialized files (Serialized files now loaded: 0)
System memory in use before: 56.9 MB.
System memory in use after: 57.0 MB.

Unloading 6 unused Assets to reduce memory usage. Loaded Objects now: 1567.
Total: 1.726500 ms (FindLiveObjects: 0.172400 ms CreateObjectMapping: 0.051000 ms MarkObjects: 1.457700 ms  DeleteObjects: 0.044100 ms)

========================================================================
Received Prepare
Registering precompiled user dll's ...
Registered in 0.000672 seconds.
Begin MonoManager ReloadAssembly
Native extension for LinuxStandalone target not found
Native extension for WindowsStandalone target not found
Native extension for OSXStandalone target not found
Native extension for WebGL target not found
Refreshing native plugins compatible for Editor in 0.21 ms, found 0 plugins.
Preloading 0 native plugins for Editor in 0.00 ms.
Invoked RoslynAnalysisRunner static constructor.
RoslynAnalysisRunner will not be running.
RoslynAnalysisRunner has terminated.
Mono: successfully reloaded assembly
- Completed reload, in  0.607 seconds
Platform modules already initialized, skipping
Refreshing native plugins compatible for Editor in 0.20 ms, found 0 plugins.
Preloading 0 native plugins for Editor in 0.00 ms.
Unloading 1125 Unused Serialized files (Serialized files now loaded: 0)
System memory in use before: 57.4 MB.
System memory in use after: 57.4 MB.

Unloading 5 unused Assets to reduce memory usage. Loaded Objects now: 1587.
Total: 1.601800 ms (FindLiveObjects: 0.122700 ms CreateObjectMapping: 0.028800 ms MarkObjects: 1.408200 ms  DeleteObjects: 0.041000 ms)

========================================================================
Received Import Request.
  Time since last request: 1433.690376 seconds.
  path: ProjectSettings/TagManager.asset
  artifactKey: Guid(00000000000000003000000000000000) Importer(815301076,1909f56bfc062723c751e8b465ee728b)
Start importing ProjectSettings/TagManager.asset using Guid(00000000000000003000000000000000) Importer(815301076,1909f56bfc062723c751e8b465ee728b)  -> (artifact id: 'e58c32c74971579209c983feef23e212') in 0.018398 seconds
  Import took 0.020354 seconds .

========================================================================
Received Import Request.
  Time since last request: 21.855389 seconds.
  path: Assets/_TerrainAutoUpgrade/layer_Grass (Hill)Grass (Hill)_normalb956af97c33fc3d7.terrainlayer
  artifactKey: Guid(072ca77b36e8b9744a7ccd1f685b1cea) Importer(815301076,1909f56bfc062723c751e8b465ee728b)
Start importing Assets/_TerrainAutoUpgrade/layer_Grass (Hill)Grass (Hill)_normalb956af97c33fc3d7.terrainlayer using Guid(072ca77b36e8b9744a7ccd1f685b1cea) Importer(815301076,1909f56bfc062723c751e8b465ee728b)  -> (artifact id: '44bef1f223492577f615cf6358c6ec3c') in 0.056637 seconds
  Import took 0.058425 seconds .

========================================================================
Received Import Request.
  Time since last request: 0.000260 seconds.
  path: Assets/_TerrainAutoUpgrade/layer_Grass&RockGrass&Rock_normalb956af97c33fc3d7.terrainlayer
  artifactKey: Guid(fc40fac923ef1ad45a3db7c1d42079fb) Importer(815301076,1909f56bfc062723c751e8b465ee728b)
Start importing Assets/_TerrainAutoUpgrade/layer_Grass&RockGrass&Rock_normalb956af97c33fc3d7.terrainlayer using Guid(fc40fac923ef1ad45a3db7c1d42079fb) Importer(815301076,1909f56bfc062723c751e8b465ee728b)  -> (artifact id: 'd3f00203d905810658c31f77c89faaf1') in 0.012530 seconds
  Import took 0.014138 seconds .

========================================================================
Received Import Request.
  Time since last request: 0.000176 seconds.
  path: Assets/_TerrainAutoUpgrade/layer_Grass (Meadows)Grass (Meadows)_normalb956af97c33fc3d7.terrainlayer
  artifactKey: Guid(cc5332a8fdbe99446970e3b5b52cc2a4) Importer(815301076,1909f56bfc062723c751e8b465ee728b)
Start importing Assets/_TerrainAutoUpgrade/layer_Grass (Meadows)Grass (Meadows)_normalb956af97c33fc3d7.terrainlayer using Guid(cc5332a8fdbe99446970e3b5b52cc2a4) Importer(815301076,1909f56bfc062723c751e8b465ee728b)  -> (artifact id: 'e43cc0e355e3e980178fe9e6e072f7c0') in 0.014131 seconds
  Import took 0.016055 seconds .

========================================================================
Received Import Request.
  Time since last request: 0.000736 seconds.
  path: Assets/_TerrainAutoUpgrade/layer_Grass (Muddy)Grass (Muddy)_normalb956af97c33fc3d7.terrainlayer
  artifactKey: Guid(15fdb51a1f60efd4980b39161efd3946) Importer(815301076,1909f56bfc062723c751e8b465ee728b)
Start importing Assets/_TerrainAutoUpgrade/layer_Grass (Muddy)Grass (Muddy)_normalb956af97c33fc3d7.terrainlayer using Guid(15fdb51a1f60efd4980b39161efd3946) Importer(815301076,1909f56bfc062723c751e8b465ee728b)  -> (artifact id: '217bbe88a7db30aecb59abb9adbd26bd') in 0.030170 seconds
  Import took 0.031928 seconds .

========================================================================
Received Import Request.
  Time since last request: 0.000294 seconds.
  path: Assets/_TerrainAutoUpgrade/layer_SandAlbedo3d3aba195e4d26ee.terrainlayer
  artifactKey: Guid(a9bc9039ab73c254fb390694292c966d) Importer(815301076,1909f56bfc062723c751e8b465ee728b)
Start importing Assets/_TerrainAutoUpgrade/layer_SandAlbedo3d3aba195e4d26ee.terrainlayer using Guid(a9bc9039ab73c254fb390694292c966d) Importer(815301076,1909f56bfc062723c751e8b465ee728b)  -> (artifact id: '995dd4a98146fa735dfff207b3471eff') in 0.048721 seconds
  Import took 0.050388 seconds .

========================================================================
Received Import Request.
  Time since last request: 3.198051 seconds.
  path: Assets/New Terrain.asset
  artifactKey: Guid(dfb0bb00e3dbd7f4f828f0f99729c8a7) Importer(815301076,1909f56bfc062723c751e8b465ee728b)
Start importing Assets/New Terrain.asset using Guid(dfb0bb00e3dbd7f4f828f0f99729c8a7) Importer(815301076,1909f56bfc062723c751e8b465ee728b)  -> (artifact id: '805566888b0b60aa6204d6433d95f4f0') in 0.011190 seconds
  Import took 0.012996 seconds .

========================================================================
Received Import Request.
  Time since last request: 10.088308 seconds.
  path: Assets/TerrainTools
  artifactKey: Guid(abe5cbb646f3cc945ad6b2d0fc80d723) Importer(815301076,1909f56bfc062723c751e8b465ee728b)
Start importing Assets/TerrainTools using Guid(abe5cbb646f3cc945ad6b2d0fc80d723) Importer(815301076,1909f56bfc062723c751e8b465ee728b)  -> (artifact id: '9fe412df72f343c24d152e66cddfeeff') in 0.004750 seconds
  Import took 0.006428 seconds .

========================================================================
Received Import Request.
  Time since last request: 1.270952 seconds.
  path: Assets/Tom's Terrain Tools
  artifactKey: Guid(cc9df66836d9944928e8e413a770a903) Importer(815301076,1909f56bfc062723c751e8b465ee728b)
Start importing Assets/Tom's Terrain Tools using Guid(cc9df66836d9944928e8e413a770a903) Importer(815301076,1909f56bfc062723c751e8b465ee728b)  -> (artifact id: '05b06963d3f5309f50da37c4c4147e3c') in 0.005101 seconds
  Import took 0.007085 seconds .

========================================================================
Received Import Request.
  Time since last request: 2.284077 seconds.
  path: Assets/Standard Assets
  artifactKey: Guid(79e4b52d5035f7547b356fe4a04b160d) Importer(815301076,1909f56bfc062723c751e8b465ee728b)
Start importing Assets/Standard Assets using Guid(79e4b52d5035f7547b356fe4a04b160d) Importer(815301076,1909f56bfc062723c751e8b465ee728b)  -> (artifact id: '1da8dfce7240796876ad471d92e104df') in 0.005592 seconds
  Import took 0.007425 seconds .

========================================================================
Received Import Request.
  Time since last request: 19.458022 seconds.
  path: Packages/com.unity.test-framework/package.json
  artifactKey: Guid(d6a2e6e4803de7b43baacdc355fc144d) Importer(815301076,1909f56bfc062723c751e8b465ee728b)
Start importing Packages/com.unity.test-framework/package.json using Guid(d6a2e6e4803de7b43baacdc355fc144d) Importer(815301076,1909f56bfc062723c751e8b465ee728b)  -> (artifact id: 'd580aee89ee37e6db8ba950d8f87d8be') in 0.015201 seconds
  Import took 0.016924 seconds .

========================================================================
Received Prepare
Registering precompiled user dll's ...
Registered in 0.000773 seconds.
Begin MonoManager ReloadAssembly
Native extension for LinuxStandalone target not found
Native extension for WindowsStandalone target not found
Native extension for OSXStandalone target not found
Native extension for WebGL target not found
Refreshing native plugins compatible for Editor in 0.18 ms, found 0 plugins.
Preloading 0 native plugins for Editor in 0.00 ms.
Invoked RoslynAnalysisRunner static constructor.
RoslynAnalysisRunner will not be running.
RoslynAnalysisRunner has terminated.
Mono: successfully reloaded assembly
- Completed reload, in  0.610 seconds
Platform modules already initialized, skipping
Refreshing native plugins compatible for Editor in 0.18 ms, found 0 plugins.
Preloading 0 native plugins for Editor in 0.00 ms.
Unloading 1108 Unused Serialized files (Serialized files now loaded: 0)
System memory in use before: 60.9 MB.
System memory in use after: 60.4 MB.

Unloading 18 unused Assets to reduce memory usage. Loaded Objects now: 1586.
Total: 1.566200 ms (FindLiveObjects: 0.104200 ms CreateObjectMapping: 0.026100 ms MarkObjects: 1.140200 ms  DeleteObjects: 0.295000 ms)

========================================================================
Received Import Request.
  Time since last request: 22.256940 seconds.
  path: Assets/PreFabs
  artifactKey: Guid(000bc685c57dd054a9e9c7e25acfe66f) Importer(815301076,1909f56bfc062723c751e8b465ee728b)
Start importing Assets/PreFabs using Guid(000bc685c57dd054a9e9c7e25acfe66f) Importer(815301076,1909f56bfc062723c751e8b465ee728b)  -> (artifact id: '56c38f3cb8a95eb5bcc9c05a70b3b571') in 0.006107 seconds
  Import took 0.007795 seconds .

========================================================================
Received Import Request.
  Time since last request: 0.003974 seconds.
  path: Assets/PreFabs
  artifactKey: Guid(000bc685c57dd054a9e9c7e25acfe66f) Importer(815301076,1909f56bfc062723c751e8b465ee728b)
Start importing Assets/PreFabs using Guid(000bc685c57dd054a9e9c7e25acfe66f) Importer(815301076,1909f56bfc062723c751e8b465ee728b)  -> (artifact id: '56c38f3cb8a95eb5bcc9c05a70b3b571') in 0.003598 seconds
  Import took 0.005250 seconds .

========================================================================
Received Import Request.
  Time since last request: 6.341758 seconds.
  path: Assets/PreFabs/Wall.prefab
  artifactKey: Guid(8e9ba38516b74354991bc6261e1f9e02) Importer(815301076,1909f56bfc062723c751e8b465ee728b)
Start importing Assets/PreFabs/Wall.prefab using Guid(8e9ba38516b74354991bc6261e1f9e02) Importer(815301076,1909f56bfc062723c751e8b465ee728b)  -> (artifact id: '4ce9be9f682bc8df442dc7e8bf7392fc') in 0.058676 seconds
  Import took 0.060372 seconds .

========================================================================
Received Import Request.
  Time since last request: 0.005561 seconds.
  path: Assets/PreFabs/Wall.prefab
  artifactKey: Guid(8e9ba38516b74354991bc6261e1f9e02) Importer(815301076,1909f56bfc062723c751e8b465ee728b)
Start importing Assets/PreFabs/Wall.prefab using Guid(8e9ba38516b74354991bc6261e1f9e02) Importer(815301076,1909f56bfc062723c751e8b465ee728b)  -> (artifact id: '4ce9be9f682bc8df442dc7e8bf7392fc') in 0.008795 seconds
  Import took 0.010504 seconds .

========================================================================
Received Import Request.
  Time since last request: 18.928896 seconds.
  path: Assets/PreFabs/Maze
  artifactKey: Guid(9bd2981e732ea1f42859d297489d2d07) Importer(815301076,1909f56bfc062723c751e8b465ee728b)
Start importing Assets/PreFabs/Maze using Guid(9bd2981e732ea1f42859d297489d2d07) Importer(815301076,1909f56bfc062723c751e8b465ee728b)  -> (artifact id: 'ea1879403cff90e70d3a40a9d8210b90') in 0.003471 seconds
  Import took 0.005408 seconds .

========================================================================
Received Import Request.
  Time since last request: 46.893914 seconds.
  path: Assets/PreFabs/Maze/Cell.prefab
  artifactKey: Guid(fda45fde9dc20154c9e39c54c34b77e5) Importer(815301076,1909f56bfc062723c751e8b465ee728b)
Start importing Assets/PreFabs/Maze/Cell.prefab using Guid(fda45fde9dc20154c9e39c54c34b77e5) Importer(815301076,1909f56bfc062723c751e8b465ee728b)  -> (artifact id: '80f6c1fbd972a9a6e5e200cfab1e522f') in 0.010678 seconds
  Import took 0.012469 seconds .

========================================================================
Received Import Request.
  Time since last request: 0.030365 seconds.
  path: Assets/PreFabs/Maze/Cell.prefab
  artifactKey: Guid(fda45fde9dc20154c9e39c54c34b77e5) Importer(815301076,1909f56bfc062723c751e8b465ee728b)
Start importing Assets/PreFabs/Maze/Cell.prefab using Guid(fda45fde9dc20154c9e39c54c34b77e5) Importer(815301076,1909f56bfc062723c751e8b465ee728b)  -> (artifact id: '80f6c1fbd972a9a6e5e200cfab1e522f') in 0.008967 seconds
  Import took 0.010812 seconds .

========================================================================
Received Import Request.
  Time since last request: 117.281633 seconds.
  path: Assets/PreFabs/Maze/Cell.prefab
  artifactKey: Guid(fda45fde9dc20154c9e39c54c34b77e5) Importer(815301076,1909f56bfc062723c751e8b465ee728b)
Start importing Assets/PreFabs/Maze/Cell.prefab using Guid(fda45fde9dc20154c9e39c54c34b77e5) Importer(815301076,1909f56bfc062723c751e8b465ee728b)  -> (artifact id: 'fe30f1ea4a97050fbd3b5950388855f1') in 0.015062 seconds
  Import took 0.016967 seconds .

========================================================================
Received Import Request.
  Time since last request: 0.000976 seconds.
  path: Assets/PreFabs/Maze/Cell.prefab
  artifactKey: Guid(fda45fde9dc20154c9e39c54c34b77e5) Importer(815301076,1909f56bfc062723c751e8b465ee728b)
Start importing Assets/PreFabs/Maze/Cell.prefab using Guid(fda45fde9dc20154c9e39c54c34b77e5) Importer(815301076,1909f56bfc062723c751e8b465ee728b)  -> (artifact id: 'fe30f1ea4a97050fbd3b5950388855f1') in 0.025124 seconds
  Import took 0.026927 seconds .

========================================================================
Received Import Request.
  Time since last request: 32.701232 seconds.
  path: Assets/Scripts/Maze
  artifactKey: Guid(ba1a522bef88a824aa961432884d4bd8) Importer(815301076,1909f56bfc062723c751e8b465ee728b)
Start importing Assets/Scripts/Maze using Guid(ba1a522bef88a824aa961432884d4bd8) Importer(815301076,1909f56bfc062723c751e8b465ee728b)  -> (artifact id: '7dd28be06c515ed94210103ce8fcfbfb') in 0.003741 seconds
  Import took 0.005481 seconds .

========================================================================
Received Import Request.
  Time since last request: 25.841816 seconds.
  path: Assets/Scripts/Maze/Maze.cs
  artifactKey: Guid(444c54c6087ff3446a548e0814d354fd) Importer(815301076,1909f56bfc062723c751e8b465ee728b)
Start importing Assets/Scripts/Maze/Maze.cs using Guid(444c54c6087ff3446a548e0814d354fd) Importer(815301076,1909f56bfc062723c751e8b465ee728b)  -> (artifact id: '4828c7cc674d3a31bfe58b54b769dbf7') in 0.004757 seconds
  Import took 0.006855 seconds .

========================================================================
Received Prepare
Registering precompiled user dll's ...
Registered in 0.000616 seconds.
Begin MonoManager ReloadAssembly
Native extension for LinuxStandalone target not found
Native extension for WindowsStandalone target not found
Native extension for OSXStandalone target not found
Native extension for WebGL target not found
Refreshing native plugins compatible for Editor in 0.22 ms, found 0 plugins.
Preloading 0 native plugins for Editor in 0.00 ms.
Invoked RoslynAnalysisRunner static constructor.
RoslynAnalysisRunner will not be running.
RoslynAnalysisRunner has terminated.
Mono: successfully reloaded assembly
- Completed reload, in  0.629 seconds
Platform modules already initialized, skipping
Refreshing native plugins compatible for Editor in 0.18 ms, found 0 plugins.
Preloading 0 native plugins for Editor in 0.00 ms.
Unloading 1109 Unused Serialized files (Serialized files now loaded: 0)
System memory in use before: 60.5 MB.
System memory in use after: 60.6 MB.

Unloading 6 unused Assets to reduce memory usage. Loaded Objects now: 1596.
Total: 1.371500 ms (FindLiveObjects: 0.124700 ms CreateObjectMapping: 0.031800 ms MarkObjects: 1.172900 ms  DeleteObjects: 0.041600 ms)

========================================================================
Received Import Request.
  Time since last request: 11.136648 seconds.
  path: Assets/Scripts/Maze/MazeCell.cs
  artifactKey: Guid(094c4a4034055d547aa3639fe5403dfc) Importer(815301076,1909f56bfc062723c751e8b465ee728b)
Start importing Assets/Scripts/Maze/MazeCell.cs using Guid(094c4a4034055d547aa3639fe5403dfc) Importer(815301076,1909f56bfc062723c751e8b465ee728b)  -> (artifact id: 'cd3b013ff76663f51fd993c5d19ba16d') in 0.005688 seconds
  Import took 0.007657 seconds .

========================================================================
Received Prepare
Registering precompiled user dll's ...
Registered in 0.000610 seconds.
Begin MonoManager ReloadAssembly
Native extension for LinuxStandalone target not found
Native extension for WindowsStandalone target not found
Native extension for OSXStandalone target not found
Native extension for WebGL target not found
Refreshing native plugins compatible for Editor in 0.20 ms, found 0 plugins.
Preloading 0 native plugins for Editor in 0.00 ms.
Invoked RoslynAnalysisRunner static constructor.
RoslynAnalysisRunner will not be running.
RoslynAnalysisRunner has terminated.
Mono: successfully reloaded assembly
- Completed reload, in  0.624 seconds
Platform modules already initialized, skipping
Refreshing native plugins compatible for Editor in 0.22 ms, found 0 plugins.
Preloading 0 native plugins for Editor in 0.00 ms.
Unloading 1110 Unused Serialized files (Serialized files now loaded: 0)
System memory in use before: 60.5 MB.
System memory in use after: 60.6 MB.

Unloading 5 unused Assets to reduce memory usage. Loaded Objects now: 1600.
Total: 1.652900 ms (FindLiveObjects: 0.130500 ms CreateObjectMapping: 0.025200 ms MarkObjects: 1.457400 ms  DeleteObjects: 0.038800 ms)

========================================================================
Received Prepare
Registering precompiled user dll's ...
Registered in 0.000620 seconds.
Begin MonoManager ReloadAssembly
Native extension for LinuxStandalone target not found
Native extension for WindowsStandalone target not found
Native extension for OSXStandalone target not found
Native extension for WebGL target not found
Refreshing native plugins compatible for Editor in 0.19 ms, found 0 plugins.
Preloading 0 native plugins for Editor in 0.00 ms.
Invoked RoslynAnalysisRunner static constructor.
RoslynAnalysisRunner will not be running.
RoslynAnalysisRunner has terminated.
Mono: successfully reloaded assembly
- Completed reload, in  0.621 seconds
Platform modules already initialized, skipping
Refreshing native plugins compatible for Editor in 0.19 ms, found 0 plugins.
Preloading 0 native plugins for Editor in 0.00 ms.
Unloading 1110 Unused Serialized files (Serialized files now loaded: 0)
System memory in use before: 60.5 MB.
System memory in use after: 60.6 MB.

Unloading 5 unused Assets to reduce memory usage. Loaded Objects now: 1603.
Total: 1.405900 ms (FindLiveObjects: 0.126200 ms CreateObjectMapping: 0.026800 ms MarkObjects: 1.212200 ms  DeleteObjects: 0.039700 ms)

========================================================================
Received Import Request.
  Time since last request: 100.942917 seconds.
  path: Assets/Scripts/Maze/Maze.prefab
  artifactKey: Guid(a1ad23770cd96b246adae83a1927b777) Importer(815301076,1909f56bfc062723c751e8b465ee728b)
Start importing Assets/Scripts/Maze/Maze.prefab using Guid(a1ad23770cd96b246adae83a1927b777) Importer(815301076,1909f56bfc062723c751e8b465ee728b)  -> (artifact id: '5db8937a054b9888cd7119e4eae97b51') in 0.019038 seconds
  Import took 0.020773 seconds .

========================================================================
Received Prepare
Registering precompiled user dll's ...
Registered in 0.000750 seconds.
Begin MonoManager ReloadAssembly
Native extension for LinuxStandalone target not found
Native extension for WindowsStandalone target not found
Native extension for OSXStandalone target not found
Native extension for WebGL target not found
Refreshing native plugins compatible for Editor in 0.19 ms, found 0 plugins.
Preloading 0 native plugins for Editor in 0.00 ms.
Invoked RoslynAnalysisRunner static constructor.
RoslynAnalysisRunner will not be running.
RoslynAnalysisRunner has terminated.
Mono: successfully reloaded assembly
- Completed reload, in  0.621 seconds
Platform modules already initialized, skipping
Refreshing native plugins compatible for Editor in 0.18 ms, found 0 plugins.
Preloading 0 native plugins for Editor in 0.00 ms.
Unloading 1110 Unused Serialized files (Serialized files now loaded: 0)
System memory in use before: 60.6 MB.
System memory in use after: 60.6 MB.

Unloading 5 unused Assets to reduce memory usage. Loaded Objects now: 1606.
Total: 1.575800 ms (FindLiveObjects: 0.134400 ms CreateObjectMapping: 0.027200 ms MarkObjects: 1.358000 ms  DeleteObjects: 0.055000 ms)

========================================================================
Received Prepare
Registering precompiled user dll's ...
Registered in 0.000661 seconds.
Begin MonoManager ReloadAssembly
Native extension for LinuxStandalone target not found
Native extension for WindowsStandalone target not found
Native extension for OSXStandalone target not found
Native extension for WebGL target not found
Refreshing native plugins compatible for Editor in 0.22 ms, found 0 plugins.
Preloading 0 native plugins for Editor in 0.00 ms.
Invoked RoslynAnalysisRunner static constructor.
RoslynAnalysisRunner will not be running.
RoslynAnalysisRunner has terminated.
Mono: successfully reloaded assembly
- Completed reload, in  0.684 seconds
Platform modules already initialized, skipping
Refreshing native plugins compatible for Editor in 0.22 ms, found 0 plugins.
Preloading 0 native plugins for Editor in 0.00 ms.
Unloading 1110 Unused Serialized files (Serialized files now loaded: 0)
System memory in use before: 60.6 MB.
System memory in use after: 60.6 MB.

Unloading 5 unused Assets to reduce memory usage. Loaded Objects now: 1609.
Total: 1.674300 ms (FindLiveObjects: 0.197800 ms CreateObjectMapping: 0.043100 ms MarkObjects: 1.384700 ms  DeleteObjects: 0.047400 ms)

========================================================================
Received Import Request.
  Time since last request: 369.119549 seconds.
  path: Assets/PreFabs/Maze/Wall.prefab
  artifactKey: Guid(8e9ba38516b74354991bc6261e1f9e02) Importer(815301076,1909f56bfc062723c751e8b465ee728b)
Start importing Assets/PreFabs/Maze/Wall.prefab using Guid(8e9ba38516b74354991bc6261e1f9e02) Importer(815301076,1909f56bfc062723c751e8b465ee728b)  -> (artifact id: 'edd178669f69300749bb483b708e6d47') in 0.050202 seconds
  Import took 0.052044 seconds .

========================================================================
Received Import Request.
  Time since last request: 1.793947 seconds.
  path: Assets/PreFabs/Maze/Wall.prefab
  artifactKey: Guid(8e9ba38516b74354991bc6261e1f9e02) Importer(815301076,1909f56bfc062723c751e8b465ee728b)
Start importing Assets/PreFabs/Maze/Wall.prefab using Guid(8e9ba38516b74354991bc6261e1f9e02) Importer(815301076,1909f56bfc062723c751e8b465ee728b)  -> (artifact id: 'f1a988c8f273f2ea5b6dca2b83767a5a') in 0.009355 seconds
  Import took 0.011333 seconds .

========================================================================
Received Import Request.
  Time since last request: 17.193213 seconds.
  path: Assets/PreFabs/Maze/Cell.prefab
  artifactKey: Guid(fda45fde9dc20154c9e39c54c34b77e5) Importer(815301076,1909f56bfc062723c751e8b465ee728b)
Start importing Assets/PreFabs/Maze/Cell.prefab using Guid(fda45fde9dc20154c9e39c54c34b77e5) Importer(815301076,1909f56bfc062723c751e8b465ee728b)  -> (artifact id: '48ff114aa19d4f716c130d8d25d8ed3f') in 0.009522 seconds
  Import took 0.011513 seconds .

========================================================================
Received Import Request.
  Time since last request: 6.276261 seconds.
  path: Assets/PreFabs/Maze/Cell.prefab
  artifactKey: Guid(fda45fde9dc20154c9e39c54c34b77e5) Importer(815301076,1909f56bfc062723c751e8b465ee728b)
Start importing Assets/PreFabs/Maze/Cell.prefab using Guid(fda45fde9dc20154c9e39c54c34b77e5) Importer(815301076,1909f56bfc062723c751e8b465ee728b)  -> (artifact id: '2470eef5bc13e0c818384225cae9906f') in 0.009191 seconds
  Import took 0.011055 seconds .

========================================================================
Received Import Request.
  Time since last request: 6.552676 seconds.
  path: Assets/PreFabs/Maze/Cell.prefab
  artifactKey: Guid(fda45fde9dc20154c9e39c54c34b77e5) Importer(815301076,1909f56bfc062723c751e8b465ee728b)
Start importing Assets/PreFabs/Maze/Cell.prefab using Guid(fda45fde9dc20154c9e39c54c34b77e5) Importer(815301076,1909f56bfc062723c751e8b465ee728b)  -> (artifact id: 'c05acf0b219449ff058de001dd6e4867') in 0.007970 seconds
  Import took 0.009678 seconds .

